Using pre-set license
Built from '2020.3/staging' branch; Version is '2020.3.8f1 (507919d4fff5) revision 5273881'; Using compiler version '192528614'; Build Type 'Release'
OS: 'Windows 10 Home; OS build 21343.1000; Version 2009; 64bit' Language: 'ja' Physical Memory: 65428 MB
BatchMode: 1, IsHumanControllingUs: 0, StartBugReporterOnCrash: 0, Is64bit: 1, IsPro: 0

 COMMAND LINE ARGUMENTS:
C:\Program Files\Unity\Hub\Editor\2020.3.8f1\Editor\Unity.exe
-adb2
-batchMode
-noUpm
-name
AssetImportWorker0
-projectPath
D:/Documents/Unity/test02
-logFile
Logs/AssetImportWorker0.log
-srvPort
63281
Successfully changed project path to: D:/Documents/Unity/test02
D:/Documents/Unity/test02
Using Asset Import Pipeline V2.
Refreshing native plugins compatible for Editor in 19.10 ms, found 0 plugins.
Preloading 0 native plugins for Editor in 0.00 ms.
Initialize engine version: 2020.3.8f1 (507919d4fff5)
[Subsystems] Discovering subsystems at path C:/Program Files/Unity/Hub/Editor/2020.3.8f1/Editor/Data/Resources/UnitySubsystems
[Subsystems] Discovering subsystems at path D:/Documents/Unity/test02/Assets
GfxDevice: creating device client; threaded=0
Direct3D:
    Version:  Direct3D 11.0 [level 11.1]
    Renderer: NVIDIA GeForce RTX 3070 (ID=0x2484)
    Vendor:   
    VRAM:     8043 MB
    Driver:   27.21.14.6627
Initialize mono
Mono path[0] = 'C:/Program Files/Unity/Hub/Editor/2020.3.8f1/Editor/Data/Managed'
Mono path[1] = 'C:/Program Files/Unity/Hub/Editor/2020.3.8f1/Editor/Data/MonoBleedingEdge/lib/mono/unityjit'
Mono config path = 'C:/Program Files/Unity/Hub/Editor/2020.3.8f1/Editor/Data/MonoBleedingEdge/etc'
Using monoOptions --debugger-agent=transport=dt_socket,embedding=1,server=y,suspend=n,address=127.0.0.1:56424
Begin MonoManager ReloadAssembly
Registering precompiled unity dll's ...
Register platform support module: C:/Program Files/Unity/Hub/Editor/2020.3.8f1/Editor/Data/PlaybackEngines/WindowsStandaloneSupport/UnityEditor.WindowsStandalone.Extensions.dll
Registered in 0.002329 seconds.
Native extension for WindowsStandalone target not found
Refreshing native plugins compatible for Editor in 18.55 ms, found 0 plugins.
Preloading 0 native plugins for Editor in 0.00 ms.
Mono: successfully reloaded assembly
- Completed reload, in  0.974 seconds
Platform modules already initialized, skipping
Registering precompiled user dll's ...
Registered in 0.000624 seconds.
Begin MonoManager ReloadAssembly
Native extension for WindowsStandalone target not found
Refreshing native plugins compatible for Editor in 0.18 ms, found 0 plugins.
Preloading 0 native plugins for Editor in 0.00 ms.
Mono: successfully reloaded assembly
- Completed reload, in  0.730 seconds
Platform modules already initialized, skipping
========================================================================
Worker process is ready to serve import requests
Launched and connected shader compiler UnityShaderCompiler.exe after 0.05 seconds
Refreshing native plugins compatible for Editor in 0.28 ms, found 0 plugins.
Preloading 0 native plugins for Editor in 0.00 ms.
Unloading 1115 Unused Serialized files (Serialized files now loaded: 0)
System memory in use before: 57.1 MB.
System memory in use after: 57.1 MB.

Unloading 10 unused Assets to reduce memory usage. Loaded Objects now: 1557.
Total: 1.372500 ms (FindLiveObjects: 0.102800 ms CreateObjectMapping: 0.028800 ms MarkObjects: 1.177700 ms  DeleteObjects: 0.062300 ms)

========================================================================
Received Import Request.
  path: Assets/molecular-model.fbx
  artifactKey: Guid(3cb1e1eea822ee140870b84643b9231d) Importer(815301076,1909f56bfc062723c751e8b465ee728b)
Start importing Assets/molecular-model.fbx using Guid(3cb1e1eea822ee140870b84643b9231d) Importer(815301076,1909f56bfc062723c751e8b465ee728b)  -> (artifact id: 'b80fadda3ad9497bac0af92074d7c2a4') in 0.344767 seconds
  Import took 0.346401 seconds .

========================================================================
Received Import Request.
  Time since last request: 7.989109 seconds.
  path: Assets
  artifactKey: Guid(00000000000000001000000000000000) Importer(815301076,1909f56bfc062723c751e8b465ee728b)
Start importing Assets using Guid(00000000000000001000000000000000) Importer(815301076,1909f56bfc062723c751e8b465ee728b)  -> (artifact id: '42d402b061de3733987d63b9cc3b64de') in 0.008661 seconds
  Import took 0.010106 seconds .

========================================================================
Received Import Request.
  Time since last request: 5.836920 seconds.
  path: Assets/New Animator Controller.controller
  artifactKey: Guid(88dd1e4ea031d544c86f406a674f4922) Importer(815301076,1909f56bfc062723c751e8b465ee728b)
Start importing Assets/New Animator Controller.controller using Guid(88dd1e4ea031d544c86f406a674f4922) Importer(815301076,1909f56bfc062723c751e8b465ee728b)  -> (artifact id: 'aeaff7ebda90d4ecb5c276e39a9535c5') in 0.011758 seconds
  Import took 0.013241 seconds .

========================================================================
Received Import Request.
  Time since last request: 53.676021 seconds.
  path: Assets/New Animator Controller.controller
  artifactKey: Guid(88dd1e4ea031d544c86f406a674f4922) Importer(815301076,1909f56bfc062723c751e8b465ee728b)
Start importing Assets/New Animator Controller.controller using Guid(88dd1e4ea031d544c86f406a674f4922) Importer(815301076,1909f56bfc062723c751e8b465ee728b)  -> (artifact id: 'c593183c88be3518ac8fec39d346b045') in 0.004097 seconds
  Import took 0.005902 seconds .

========================================================================
Received Prepare
Registering precompiled user dll's ...
Registered in 0.000395 seconds.
Begin MonoManager ReloadAssembly
Native extension for WindowsStandalone target not found
Refreshing native plugins compatible for Editor in 0.31 ms, found 0 plugins.
Preloading 0 native plugins for Editor in 0.00 ms.
Mono: successfully reloaded assembly
- Completed reload, in  0.638 seconds
Platform modules already initialized, skipping
Refreshing native plugins compatible for Editor in 0.19 ms, found 0 plugins.
Preloading 0 native plugins for Editor in 0.00 ms.
Unloading 1110 Unused Serialized files (Serialized files now loaded: 0)
System memory in use before: 73.9 MB.
System memory in use after: 74.0 MB.

Unloading 6 unused Assets to reduce memory usage. Loaded Objects now: 1571.
Total: 1.359600 ms (FindLiveObjects: 0.106200 ms CreateObjectMapping: 0.029200 ms MarkObjects: 1.176200 ms  DeleteObjects: 0.047100 ms)

========================================================================
Received Prepare
Registering precompiled user dll's ...
Registered in 0.000485 seconds.
Begin MonoManager ReloadAssembly
Native extension for WindowsStandalone target not found
Refreshing native plugins compatible for Editor in 0.17 ms, found 0 plugins.
Preloading 0 native plugins for Editor in 0.00 ms.
Mono: successfully reloaded assembly
- Completed reload, in  0.627 seconds
Platform modules already initialized, skipping
Refreshing native plugins compatible for Editor in 0.17 ms, found 0 plugins.
Preloading 0 native plugins for Editor in 0.00 ms.
Unloading 1110 Unused Serialized files (Serialized files now loaded: 0)
System memory in use before: 73.9 MB.
System memory in use after: 74.0 MB.

Unloading 5 unused Assets to reduce memory usage. Loaded Objects now: 1574.
Total: 1.365100 ms (FindLiveObjects: 0.095400 ms CreateObjectMapping: 0.044600 ms MarkObjects: 1.128600 ms  DeleteObjects: 0.095800 ms)

========================================================================
Received Prepare
Registering precompiled user dll's ...
Registered in 0.000393 seconds.
Begin MonoManager ReloadAssembly
Native extension for WindowsStandalone target not found
Refreshing native plugins compatible for Editor in 0.28 ms, found 0 plugins.
Preloading 0 native plugins for Editor in 0.00 ms.
Mono: successfully reloaded assembly
- Completed reload, in  0.623 seconds
Platform modules already initialized, skipping
Refreshing native plugins compatible for Editor in 0.18 ms, found 0 plugins.
Preloading 0 native plugins for Editor in 0.00 ms.
Unloading 1110 Unused Serialized files (Serialized files now loaded: 0)
System memory in use before: 73.9 MB.
System memory in use after: 74.0 MB.

Unloading 5 unused Assets to reduce memory usage. Loaded Objects now: 1577.
Total: 1.549200 ms (FindLiveObjects: 0.143100 ms CreateObjectMapping: 0.029700 ms MarkObjects: 1.333700 ms  DeleteObjects: 0.041800 ms)

========================================================================
Received Import Request.
  Time since last request: 135.400283 seconds.
  path: Assets/wal.controller
  artifactKey: Guid(88dd1e4ea031d544c86f406a674f4922) Importer(815301076,1909f56bfc062723c751e8b465ee728b)
Start importing Assets/wal.controller using Guid(88dd1e4ea031d544c86f406a674f4922) Importer(815301076,1909f56bfc062723c751e8b465ee728b)  -> (artifact id: '4585026f71ddfce1feefded8895cb39a') in 0.017294 seconds
  Import took 0.018969 seconds .

========================================================================
Received Import Request.
  Time since last request: 51.709611 seconds.
  path: Assets/molecular-model.fbx
  artifactKey: Guid(3cb1e1eea822ee140870b84643b9231d) Importer(815301076,1909f56bfc062723c751e8b465ee728b)
Start importing Assets/molecular-model.fbx using Guid(3cb1e1eea822ee140870b84643b9231d) Importer(815301076,1909f56bfc062723c751e8b465ee728b)  -> (artifact id: 'e7bb887693969d7b4b7ffd9b1a5a2506') in 0.074822 seconds
  Import took 0.076584 seconds .

========================================================================
Received Prepare
Registering precompiled user dll's ...
Registered in 0.000437 seconds.
Begin MonoManager ReloadAssembly
Native extension for WindowsStandalone target not found
Refreshing native plugins compatible for Editor in 0.17 ms, found 0 plugins.
Preloading 0 native plugins for Editor in 0.00 ms.
Mono: successfully reloaded assembly
- Completed reload, in  0.638 seconds
Platform modules already initialized, skipping
Refreshing native plugins compatible for Editor in 0.21 ms, found 0 plugins.
Preloading 0 native plugins for Editor in 0.00 ms.
Unloading 1110 Unused Serialized files (Serialized files now loaded: 0)
System memory in use before: 74.0 MB.
System memory in use after: 74.0 MB.

Unloading 6 unused Assets to reduce memory usage. Loaded Objects now: 1581.
Total: 1.276300 ms (FindLiveObjects: 0.104200 ms CreateObjectMapping: 0.027500 ms MarkObjects: 1.094900 ms  DeleteObjects: 0.048900 ms)

========================================================================
Received Import Request.
  Time since last request: 23.006918 seconds.
  path: Assets/molecular-model.fbx
  artifactKey: Guid(3cb1e1eea822ee140870b84643b9231d) Importer(815301076,1909f56bfc062723c751e8b465ee728b)
Start importing Assets/molecular-model.fbx using Guid(3cb1e1eea822ee140870b84643b9231d) Importer(815301076,1909f56bfc062723c751e8b465ee728b)  -> (artifact id: '84aeb39dcd64b9e06f3271135c3f94a2') in 0.075879 seconds
  Import took 0.077648 seconds .

========================================================================
Received Prepare
Registering precompiled user dll's ...
Registered in 0.000438 seconds.
Begin MonoManager ReloadAssembly
Native extension for WindowsStandalone target not found
Refreshing native plugins compatible for Editor in 0.17 ms, found 0 plugins.
Preloading 0 native plugins for Editor in 0.00 ms.
Mono: successfully reloaded assembly
- Completed reload, in  0.632 seconds
Platform modules already initialized, skipping
Refreshing native plugins compatible for Editor in 0.17 ms, found 0 plugins.
Preloading 0 native plugins for Editor in 0.00 ms.
Unloading 1110 Unused Serialized files (Serialized files now loaded: 0)
System memory in use before: 74.0 MB.
System memory in use after: 74.1 MB.

Unloading 6 unused Assets to reduce memory usage. Loaded Objects now: 1585.
Total: 1.388100 ms (FindLiveObjects: 0.101400 ms CreateObjectMapping: 0.029900 ms MarkObjects: 1.205000 ms  DeleteObjects: 0.050600 ms)

========================================================================
Received Prepare
Registering precompiled user dll's ...
Registered in 0.000378 seconds.
Begin MonoManager ReloadAssembly
Native extension for WindowsStandalone target not found
Refreshing native plugins compatible for Editor in 0.21 ms, found 0 plugins.
Preloading 0 native plugins for Editor in 0.00 ms.
Mono: successfully reloaded assembly
- Completed reload, in  0.630 seconds
Platform modules already initialized, skipping
Refreshing native plugins compatible for Editor in 0.20 ms, found 0 plugins.
Preloading 0 native plugins for Editor in 0.00 ms.
Unloading 1110 Unused Serialized files (Serialized files now loaded: 0)
System memory in use before: 74.0 MB.
System memory in use after: 74.1 MB.

Unloading 5 unused Assets to reduce memory usage. Loaded Objects now: 1588.
Total: 1.437800 ms (FindLiveObjects: 0.135800 ms CreateObjectMapping: 0.032100 ms MarkObjects: 1.221300 ms  DeleteObjects: 0.047900 ms)

AssetImportWorkerClient::OnTransportError - code=2 error=End of file
